warning: ignoring unsupported tag `TOC_INCLUDE_HEADINGS   =' at line 303, file /home/travis/build/ComPWA/ComPWA/doc/Doxyfile.travisCI
warning: ignoring unsupported tag `PLANTUML_CFG_FILE      =' at line 2367, file /home/travis/build/ComPWA/ComPWA/doc/Doxyfile.travisCI
This is pdfTeX, Version 3.14159265-2.6-1.40.16 (TeX Live 2015/Debian) (preloaded format=latex)
 restricted \write18 enabled.
entering extended mode
(./_formulas.tex
LaTeX2e <2016/02/01>
Babel <3.9q> and hyphenation patterns for 3 language(s) loaded.
(/usr/share/texlive/texmf-dist/tex/latex/base/article.cls
Document Class: article 2014/09/29 v1.4h Standard LaTeX document class
(/usr/share/texlive/texmf-dist/tex/latex/base/size10.clo))
(/usr/share/texlive/texmf-dist/tex/latex/graphics/epsfig.sty
(/usr/share/texlive/texmf-dist/tex/latex/graphics/graphicx.sty
(/usr/share/texlive/texmf-dist/tex/latex/graphics/keyval.sty)
(/usr/share/texlive/texmf-dist/tex/latex/graphics/graphics.sty
(/usr/share/texlive/texmf-dist/tex/latex/graphics/trig.sty)
(/usr/share/texlive/texmf-dist/tex/latex/latexconfig/graphics.cfg)
(/usr/share/texlive/texmf-dist/tex/latex/graphics/dvips.def))))
No file _formulas.aux.
[1] [2] [3] [4] [5] [6] [7] [8] [9] [10] [11] [12] [13] [14] [15]
Overfull \hbox (70.72597pt too wide) detected at line 50
[]\OT1/cmr/m/n/10 (\OML/cmm/m/it/10 x\OT1/cmr/m/n/10 ; \OML/cmm/m/it/10 ^^[; ^^
M\OT1/cmr/m/n/10 ) = [] \OML/cmm/m/it/10 Gaus\OT1/cmr/m/n/10 (\OML/cmm/m/it/10 
x[]\OT1/cmr/m/n/10 ; \OML/cmm/m/it/10 ^^[\OT1/cmr/m/n/10 )\OML/cmm/m/it/10 BW\O
T1/cmr/m/n/10 (\OML/cmm/m/it/10 x \OMS/cmsy/m/n/10 ^^@ \OML/cmm/m/it/10 x[]\OT1
/cmr/m/n/10 ; \OML/cmm/m/it/10 gamma\OT1/cmr/m/n/10 )\OML/cmm/m/it/10 dx[] \OT1
/cmr/m/n/10 = \OML/cmm/m/it/10 Re\OT1/cmr/m/n/10 [\OML/cmm/m/it/10 w\OT1/cmr/m/
n/10 (\OML/cmm/m/it/10 z\OT1/cmr/m/n/10 )]\OML/cmm/m/it/10 =\OT1/cmr/m/n/10 (\O
ML/cmm/m/it/10 ^^[[]\OT1/cmr/m/n/10 )\OML/cmm/m/it/10 andz \OT1/cmr/m/n/10 = (\
OML/cmm/m/it/10 x \OT1/cmr/m/n/10 + \OML/cmm/m/it/10 i^^M\OT1/cmr/m/n/10 )\OML/
cmm/m/it/10 =\OT1/cmr/m/n/10 (\OML/cmm/m/it/10 ^^[[]\OT1/cmr/m/n/10 )
[16] [17] [18] [19] [20] [21] [22] [23] [24] [25] [26] [27] [28] [29] [30]
(./_formulas.aux) )
(see the transcript file for additional information)
Output written on _formulas.dvi (30 pages, 5664 bytes).
Transcript written on _formulas.log.
